<?xml version="1.0" encoding="UTF-8"?>
<testsuite name="com.marinaS.trello.HW1.tests.LoginTestHW" tests="1" skipped="0" failures="0" errors="0" timestamp="2020-02-05T17:33:35" hostname="LAPTOP-TE88LQFD" time="28.836">
  <properties/>
  <testcase name="testLogIn" classname="com.marinaS.trello.HW1.tests.LoginTestHW" time="28.836"/>
  <system-out><![CDATA[19:33:35.158 [Test worker] INFO  c.marinaS.trello.HW1.tests.TestBase - Start test testLogInwith parameters[]
19:34:04.006 [Test worker] INFO  c.marinaS.trello.HW1.utils.Listener - testLogIn Passed Successful
19:34:04.008 [Test worker] INFO  c.marinaS.trello.HW1.tests.TestBase - Stop test testLogIn
]]></system-out>
  <system-err><![CDATA[]]></system-err>
</testsuite>
